<?xml version="1.0" encoding="UTF-8"?>
<robot generator="Robot 6.1.1 (Python 3.10.8 on win32)" generated="20230828 15:13:39.853" rpa="false" schemaversion="4">
<suite id="s1" name="Robot-Framework-Demo" source="C:\Users\onelity-pzotos\Repos\robot-framework-demo">
<suite id="s1-s1" name="Test" source="C:\Users\onelity-pzotos\Repos\robot-framework-demo\test.robot">
<test id="s1-s1-t1" name="Valid Login" line="10">
<kw name="Open Browser To Login Page">
<kw name="Open Browser" library="SeleniumLibrary">
<arg>${LOGIN URL}</arg>
<arg>${BROWSER}</arg>
<doc>Opens a new browser instance to the optional ``url``.</doc>
<msg timestamp="20230828 15:13:40.094" level="INFO">Opening browser 'Edge' to base url 'http://www.google.com'.</msg>
<status status="PASS" starttime="20230828 15:13:40.093" endtime="20230828 15:13:45.559"/>
</kw>
<status status="PASS" starttime="20230828 15:13:40.093" endtime="20230828 15:13:45.560"/>
</kw>
<kw name="Input Username">
<arg>demo</arg>
<kw name="Input Text" library="SeleniumLibrary">
<arg>username_field</arg>
<arg>${username}</arg>
<doc>Types the given ``text`` into the text field identified by ``locator``.</doc>
<msg timestamp="20230828 15:13:45.561" level="INFO">Typing text 'demo' into text field 'username_field'.</msg>
<msg timestamp="20230828 15:13:45.716" level="INFO" html="true">&lt;/td&gt;&lt;/tr&gt;&lt;tr&gt;&lt;td colspan="3"&gt;&lt;a href="selenium-screenshot-1.png"&gt;&lt;img src="selenium-screenshot-1.png" width="800px"&gt;&lt;/a&gt;</msg>
<msg timestamp="20230828 15:13:45.717" level="FAIL">Element with locator 'username_field' not found.</msg>
<status status="FAIL" starttime="20230828 15:13:45.560" endtime="20230828 15:13:45.723"/>
</kw>
<status status="FAIL" starttime="20230828 15:13:45.560" endtime="20230828 15:13:45.724"/>
</kw>
<kw name="Input Password">
<arg>mode</arg>
<status status="NOT RUN" starttime="20230828 15:13:45.724" endtime="20230828 15:13:45.724"/>
</kw>
<kw name="Submit Credentials">
<status status="NOT RUN" starttime="20230828 15:13:45.724" endtime="20230828 15:13:45.725"/>
</kw>
<kw name="Welcome Page Should Be Open">
<status status="NOT RUN" starttime="20230828 15:13:45.726" endtime="20230828 15:13:45.726"/>
</kw>
<kw name="Close Browser" library="SeleniumLibrary" type="TEARDOWN">
<doc>Closes the current browser.</doc>
<status status="PASS" starttime="20230828 15:13:45.726" endtime="20230828 15:13:48.620"/>
</kw>
<status status="FAIL" starttime="20230828 15:13:40.091" endtime="20230828 15:13:48.622">Element with locator 'username_field' not found.</status>
</test>
<doc>Simple example using SeleniumLibrary.</doc>
<status status="FAIL" starttime="20230828 15:13:39.896" endtime="20230828 15:13:48.632"/>
</suite>
<status status="FAIL" starttime="20230828 15:13:39.858" endtime="20230828 15:13:48.640"/>
</suite>
<statistics>
<total>
<stat pass="0" fail="1" skip="0">All Tests</stat>
</total>
<tag>
</tag>
<suite>
<stat pass="0" fail="1" skip="0" id="s1" name="Robot-Framework-Demo">Robot-Framework-Demo</stat>
<stat pass="0" fail="1" skip="0" id="s1-s1" name="Test">Robot-Framework-Demo.Test</stat>
</suite>
</statistics>
<errors>
</errors>
</robot>
